device: cuda mode: bv
it  100 loss4.604 | val learned 3.913 vs fixed-precond 4.363 (gain +0.450) *saved
it  200 loss4.362 | val learned 3.902 vs fixed-precond 4.363 (gain +0.461) *saved
it  300 loss4.544 | val learned 3.900 vs fixed-precond 4.363 (gain +0.463) *saved
it  400 loss4.612 | val learned 3.898 vs fixed-precond 4.363 (gain +0.465) *saved
it  500 loss4.963 | val learned 3.895 vs fixed-precond 4.363 (gain +0.468) *saved
it  600 loss4.365 | val learned 3.895 vs fixed-precond 4.363 (gain +0.468) *saved
it  700 loss4.814 | val learned 3.891 vs fixed-precond 4.363 (gain +0.472) *saved
it  800 loss4.631 | val learned 3.888 vs fixed-precond 4.363 (gain +0.475) *saved
it  900 loss4.689 | val learned 3.886 vs fixed-precond 4.363 (gain +0.477) *saved
it 1000 loss4.670 | val learned 3.887 vs fixed-precond 4.363 (gain +0.476)
it 1100 loss4.378 | val learned 3.886 vs fixed-precond 4.363 (gain +0.477) *saved
it 1200 loss4.772 | val learned 3.886 vs fixed-precond 4.363 (gain +0.477) *saved
it 1300 loss4.376 | val learned 3.885 vs fixed-precond 4.363 (gain +0.478) *saved
it 1400 loss4.431 | val learned 3.886 vs fixed-precond 4.363 (gain +0.477)
it 1500 loss4.384 | val learned 3.885 vs fixed-precond 4.363 (gain +0.478) *saved
it 1600 loss4.420 | val learned 3.884 vs fixed-precond 4.363 (gain +0.479) *saved
it 1700 loss4.948 | val learned 3.885 vs fixed-precond 4.363 (gain +0.478)
it 1800 loss4.308 | val learned 3.886 vs fixed-precond 4.363 (gain +0.477)
it 1900 loss4.426 | val learned 3.884 vs fixed-precond 4.363 (gain +0.479) *saved
it 2000 loss4.956 | val learned 3.884 vs fixed-precond 4.363 (gain +0.479) *saved
it 2100 loss4.501 | val learned 3.884 vs fixed-precond 4.363 (gain +0.479)
it 2200 loss4.269 | val learned 3.883 vs fixed-precond 4.363 (gain +0.480) *saved
it 2300 loss4.694 | val learned 3.885 vs fixed-precond 4.363 (gain +0.478)
it 2400 loss4.270 | val learned 3.883 vs fixed-precond 4.363 (gain +0.480) *saved
it 2500 loss4.290 | val learned 3.883 vs fixed-precond 4.363 (gain +0.480)
it 2600 loss4.415 | val learned 3.884 vs fixed-precond 4.363 (gain +0.479)
it 2700 loss4.092 | val learned 3.884 vs fixed-precond 4.363 (gain +0.479)
it 2800 loss4.188 | val learned 3.883 vs fixed-precond 4.363 (gain +0.480)
it 2900 loss4.554 | val learned 3.882 vs fixed-precond 4.363 (gain +0.481) *saved
it 3000 loss4.254 | val learned 3.882 vs fixed-precond 4.363 (gain +0.481) *saved
done best=3.882 -> wbv_seed11.pt
